2021-03-03 16:08:10.079  INFO 7208 --- [restartedMain] tn.dari.spring.Application               : Starting Application using Java 1.8.0_60 on DESKTOP-39DASS0 with PID 7208 (C:\Work\workspace-sts\Pi-Dari\pi-dev\DARI.TN\target\classes started by medaminebt in C:\Work\workspace-sts\Pi-Dari\pi-dev\DARI.TN)
2021-03-03 16:08:10.087  INFO 7208 --- [restartedMain] tn.dari.spring.Application               : No active profile set, falling back to default profiles: default
2021-03-03 16:08:10.209  INFO 7208 --- [restartedMain] .e.DevToolsPropertyDefaultsPostProcessor : Devtools property defaults active! Set 'spring.devtools.add-properties' to 'false' to disable
2021-03-03 16:08:10.223  INFO 7208 --- [restartedMain] .e.DevToolsPropertyDefaultsPostProcessor : For additional web related logging consider setting the 'logging.level.web' property to 'DEBUG'
2021-03-03 16:08:11.432  INFO 7208 --- [restartedMain] .s.d.r.c.RepositoryConfigurationDelegate : Bootstrapping Spring Data JPA repositories in DEFAULT mode.
2021-03-03 16:08:11.595  INFO 7208 --- [restartedMain] .s.d.r.c.RepositoryConfigurationDelegate : Finished Spring Data repository scanning in 140 ms. Found 6 JPA repository interfaces.
2021-03-03 16:08:12.918  INFO 7208 --- [restartedMain] o.s.b.w.embedded.tomcat.TomcatWebServer  : Tomcat initialized with port(s): 8081 (http)
2021-03-03 16:08:12.940  INFO 7208 --- [restartedMain] o.apache.catalina.core.StandardService   : Starting service [Tomcat]
2021-03-03 16:08:12.940  INFO 7208 --- [restartedMain] org.apache.catalina.core.StandardEngine  : Starting Servlet engine: [Apache Tomcat/9.0.43]
2021-03-03 16:08:13.101  INFO 7208 --- [restartedMain] o.a.c.c.C.[Tomcat].[localhost].[/]       : Initializing Spring embedded WebApplicationContext
2021-03-03 16:08:13.102  INFO 7208 --- [restartedMain] w.s.c.ServletWebServerApplicationContext : Root WebApplicationContext: initialization completed in 2878 ms
2021-03-03 16:08:13.630  INFO 7208 --- [restartedMain] o.hibernate.jpa.internal.util.LogHelper  : HHH000204: Processing PersistenceUnitInfo [name: default]
2021-03-03 16:08:13.894  INFO 7208 --- [restartedMain] org.hibernate.Version                    : HHH000412: Hibernate ORM core version 5.4.28.Final
2021-03-03 16:08:14.133  INFO 7208 --- [restartedMain] o.hibernate.annotations.common.Version   : HCANN000001: Hibernate Commons Annotations {5.1.2.Final}
2021-03-03 16:08:14.326  INFO 7208 --- [restartedMain] com.zaxxer.hikari.HikariDataSource       : HikariPool-1 - Starting...
2021-03-03 16:08:14.668  INFO 7208 --- [restartedMain] com.zaxxer.hikari.HikariDataSource       : HikariPool-1 - Start completed.
2021-03-03 16:08:14.699  INFO 7208 --- [restartedMain] org.hibernate.dialect.Dialect            : HHH000400: Using dialect: org.hibernate.dialect.MySQL5InnoDBDialect
2021-03-03 16:08:17.315  INFO 7208 --- [restartedMain] o.h.e.t.j.p.i.JtaPlatformInitiator       : HHH000490: Using JtaPlatform implementation: [org.hibernate.engine.transaction.jta.platform.internal.NoJtaPlatform]
2021-03-03 16:08:17.332  INFO 7208 --- [restartedMain] j.LocalContainerEntityManagerFactoryBean : Initialized JPA EntityManagerFactory for persistence unit 'default'
2021-03-03 16:08:17.376  INFO 7208 --- [restartedMain] o.s.b.d.a.OptionalLiveReloadServer       : LiveReload server is running on port 35729
2021-03-03 16:08:18.273  WARN 7208 --- [restartedMain] JpaBaseConfiguration$JpaWebConfiguration : spring.jpa.open-in-view is enabled by default. Therefore, database queries may be performed during view rendering. Explicitly configure spring.jpa.open-in-view to disable this warning
2021-03-03 16:08:18.764  INFO 7208 --- [restartedMain] o.s.s.web.DefaultSecurityFilterChain     : Will secure any request with [org.springframework.security.web.context.request.async.WebAsyncManagerIntegrationFilter@50a2f1b6, org.springframework.security.web.context.SecurityContextPersistenceFilter@8a0d740, org.springframework.security.web.header.HeaderWriterFilter@586c5712, org.springframework.security.web.authentication.logout.LogoutFilter@3b074ea8, tn.dari.spring.security.JWTAuthorizationFilter@78efe6ad, tn.dari.spring.security.JWTAuthenticationFilter@7e6b406b, org.springframework.security.web.authentication.UsernamePasswordAuthenticationFilter@36e1230b, org.springframework.security.web.savedrequest.RequestCacheAwareFilter@51536f2f, org.springframework.security.web.servletapi.SecurityContextHolderAwareRequestFilter@1bfd9306, org.springframework.security.web.authentication.AnonymousAuthenticationFilter@73de9ba1, org.springframework.security.web.session.SessionManagementFilter@7490ce44, org.springframework.security.web.access.ExceptionTranslationFilter@252d3e6a, org.springframework.security.web.access.intercept.FilterSecurityInterceptor@43d900f8]
2021-03-03 16:08:19.027  INFO 7208 --- [restartedMain] o.s.s.concurrent.ThreadPoolTaskExecutor  : Initializing ExecutorService 'applicationTaskExecutor'
2021-03-03 16:08:19.953  INFO 7208 --- [restartedMain] o.s.b.w.embedded.tomcat.TomcatWebServer  : Tomcat started on port(s): 8081 (http) with context path ''
2021-03-03 16:08:19.978  INFO 7208 --- [restartedMain] tn.dari.spring.Application               : Started Application in 10.563 seconds (JVM running for 11.962)
2021-03-03 16:12:34.003  INFO 7208 --- [RMI TCP Connection(2)-127.0.0.1] inMXBeanRegistrar$SpringApplicationAdmin : Application shutdown requested.
2021-03-03 16:12:34.249  INFO 7208 --- [RMI TCP Connection(2)-127.0.0.1] o.s.s.concurrent.ThreadPoolTaskExecutor  : Shutting down ExecutorService 'applicationTaskExecutor'
2021-03-03 16:12:34.253  INFO 7208 --- [RMI TCP Connection(2)-127.0.0.1] j.LocalContainerEntityManagerFactoryBean : Closing JPA EntityManagerFactory for persistence unit 'default'
2021-03-03 16:12:34.263  INFO 7208 --- [RMI TCP Connection(2)-127.0.0.1] com.zaxxer.hikari.HikariDataSource       : HikariPool-1 - Shutdown initiated...
2021-03-03 16:12:34.296  INFO 7208 --- [RMI TCP Connection(2)-127.0.0.1] com.zaxxer.hikari.HikariDataSource       : HikariPool-1 - Shutdown completed.
